<?xml version="1.0" encoding="UTF-8"?>
<!-- Generated by org.testng.reporters.JUnitReportReporter -->
<testsuite hostname="Mrinmoys-MBP.BRILLIO.COM" name="Cucumber.Automation.AppTest" tests="1" failures="0" timestamp="11 Feb 2020 07:10:26 GMT" time="0.008" errors="0">
  <testcase name="testApp" time="0.008" classname="Cucumber.Automation.AppTest"/>
</testsuite> <!-- Cucumber.Automation.AppTest -->
